2017/05/10 13:00:12 INFO  - jmeter.util.JMeterUtils: Setting Locale to iw_IL 
2017/05/10 13:00:12 ERROR - jmeter.util.JMeterUtils: Could not find resources for 'iw_IL' 
2017/05/10 13:00:12 INFO  - jmeter.JMeter: Loading user properties from: C:\Users\Ben\Documents\NetBeansProjects\GUIFormExamples1\apache-jmeter-3.1\bin\user.properties 
2017/05/10 13:00:12 INFO  - jmeter.JMeter: Loading system properties from: C:\Users\Ben\Documents\NetBeansProjects\GUIFormExamples1\apache-jmeter-3.1\bin\system.properties 
2017/05/10 13:00:12 INFO  - jmeter.JMeter: Copyright (c) 1998-2016 The Apache Software Foundation 
2017/05/10 13:00:12 INFO  - jmeter.JMeter: Version 3.1 r1770033 
2017/05/10 13:00:12 INFO  - jmeter.JMeter: java.version=1.8.0_121 
2017/05/10 13:00:12 INFO  - jmeter.JMeter: java.vm.name=Java HotSpot(TM) 64-Bit Server VM 
2017/05/10 13:00:12 INFO  - jmeter.JMeter: os.name=Windows 10 
2017/05/10 13:00:12 INFO  - jmeter.JMeter: os.arch=amd64 
2017/05/10 13:00:12 INFO  - jmeter.JMeter: os.version=10.0 
2017/05/10 13:00:12 INFO  - jmeter.JMeter: file.encoding=Cp1255 
2017/05/10 13:00:12 INFO  - jmeter.JMeter: Max memory     =523763712 
2017/05/10 13:00:12 INFO  - jmeter.JMeter: Available Processors =4 
2017/05/10 13:00:12 INFO  - jmeter.JMeter: Default Locale=עברית (ישראל) 
2017/05/10 13:00:12 INFO  - jmeter.JMeter: JMeter  Locale=עברית (ישראל) 
2017/05/10 13:00:12 INFO  - jmeter.JMeter: JMeterHome=C:\Users\Ben\Documents\NetBeansProjects\GUIFormExamples1\apache-jmeter-3.1 
2017/05/10 13:00:12 INFO  - jmeter.JMeter: user.dir  =C:\Users\Ben\Documents\NetBeansProjects\GUIFormExamples1\apache-jmeter-3.1\bin 
2017/05/10 13:00:12 INFO  - jmeter.JMeter: PWD       =C:\Users\Ben\Documents\NetBeansProjects\GUIFormExamples1\apache-jmeter-3.1\bin 
2017/05/10 13:00:12 INFO  - jmeter.JMeter: IP: 192.168.2.113 Name: LAPTOP-RVEE69UD FullName: LAPTOP-RVEE69UD 
2017/05/10 13:00:12 INFO  - jmeter.services.FileServer: Default base='C:\Users\Ben\Documents\NetBeansProjects\GUIFormExamples1\apache-jmeter-3.1\bin' 
2017/05/10 13:00:12 INFO  - jmeter.services.FileServer: Set new base='C:\Users\Ben\Documents\NetBeansProjects\GUIFormExamples1' 
2017/05/10 13:00:12 INFO  - jmeter.save.SaveService: Testplan (JMX) version: 2.2. Testlog (JTL) version: 2.2 
2017/05/10 13:00:12 INFO  - jmeter.save.SaveService: Using SaveService properties file encoding UTF-8 
2017/05/10 13:00:12 INFO  - jmeter.save.SaveService: Using SaveService properties version 3.1 
2017/05/10 13:00:12 INFO  - jmeter.save.SaveService: All converter versions present and correct 
2017/05/10 13:00:12 INFO  - jmeter.save.SaveService: Loading file: C:\Users\Ben\Documents\NetBeansProjects\GUIFormExamples1\addFullMerchant1494410412040.jmx 
2017/05/10 13:00:12 INFO  - jmeter.protocol.http.control.CookieManager: Settings: Delete null: true Check: true Allow variable: true Save: false Prefix: COOKIE_ 
2017/05/10 13:00:12 INFO  - jmeter.protocol.http.sampler.HTTPSamplerBase: Parser for text/html is org.apache.jmeter.protocol.http.parser.LagartoBasedHtmlParser 
2017/05/10 13:00:12 INFO  - jmeter.protocol.http.sampler.HTTPSamplerBase: Parser for application/xhtml+xml is org.apache.jmeter.protocol.http.parser.LagartoBasedHtmlParser 
2017/05/10 13:00:12 INFO  - jmeter.protocol.http.sampler.HTTPSamplerBase: Parser for application/xml is org.apache.jmeter.protocol.http.parser.LagartoBasedHtmlParser 
2017/05/10 13:00:12 INFO  - jmeter.protocol.http.sampler.HTTPSamplerBase: Parser for text/xml is org.apache.jmeter.protocol.http.parser.LagartoBasedHtmlParser 
2017/05/10 13:00:12 INFO  - jmeter.protocol.http.sampler.HTTPSamplerBase: Parser for text/vnd.wap.wml is org.apache.jmeter.protocol.http.parser.RegexpHTMLParser 
2017/05/10 13:00:12 INFO  - jmeter.protocol.http.sampler.HTTPSamplerBase: Parser for text/css is org.apache.jmeter.protocol.http.parser.CssParser 
2017/05/10 13:00:12 INFO  - jmeter.protocol.http.sampler.HTTPHCAbstractImpl: Local host = LAPTOP-RVEE69UD 
2017/05/10 13:00:12 INFO  - jmeter.protocol.http.sampler.HTTPHC3Impl: HTTP request retry count = 0 
2017/05/10 13:00:12 INFO  - jmeter.JMeter: Creating summariser <summary> 
2017/05/10 13:00:12 INFO  - jmeter.engine.StandardJMeterEngine: Running the test! 
2017/05/10 13:00:12 INFO  - jmeter.samplers.SampleEvent: List of sample_variables: [] 
2017/05/10 13:00:12 INFO  - jmeter.samplers.SampleEvent: List of sample_variables: [] 
2017/05/10 13:00:12 INFO  - jmeter.engine.util.CompoundVariable: Note: Function class names must contain the string: '.functions.' 
2017/05/10 13:00:12 INFO  - jmeter.engine.util.CompoundVariable: Note: Function class names must not contain the string: '.gui.' 
2017/05/10 13:00:12 INFO  - jmeter.JMeter: Running test (1494410412989) 
2017/05/10 13:00:13 INFO  - jmeter.engine.StandardJMeterEngine: Starting ThreadGroup: 1 : addFullMerchant 
2017/05/10 13:00:13 INFO  - jmeter.engine.StandardJMeterEngine: Starting 1 threads for group addFullMerchant. 
2017/05/10 13:00:13 INFO  - jmeter.engine.StandardJMeterEngine: Thread will continue on error 
2017/05/10 13:00:13 INFO  - jmeter.threads.ThreadGroup: Starting thread group number 1 threads 1 ramp-up 1 perThread 1000.0 delayedStart=false 
2017/05/10 13:00:13 INFO  - jmeter.threads.ThreadGroup: Started thread group number 1 
2017/05/10 13:00:13 INFO  - jmeter.engine.StandardJMeterEngine: All thread groups have been started 
2017/05/10 13:00:13 INFO  - jmeter.threads.JMeterThread: Thread started: addFullMerchant 1-1 
2017/05/10 13:00:13 INFO  - jmeter.services.FileServer: Stored: C:\Users\Ben\Documents\NetBeansProjects\GUIFormExamples1/scripts/config.csv 
2017/05/10 13:00:13 INFO  - jmeter.samplers.SampleResult: Note: Sample TimeStamps are START times 
2017/05/10 13:00:13 INFO  - jmeter.samplers.SampleResult: sampleresult.default.encoding is set to ISO-8859-1 
2017/05/10 13:00:13 INFO  - jmeter.samplers.SampleResult: sampleresult.useNanoTime=true 
2017/05/10 13:00:13 INFO  - jmeter.samplers.SampleResult: sampleresult.nanoThreadSleep=5000 
2017/05/10 13:00:13 INFO  - jmeter.util.JsseSSLManager: Using default SSL protocol: TLS 
2017/05/10 13:00:13 INFO  - jmeter.util.JsseSSLManager: SSL session context: per-thread 
2017/05/10 13:00:13 INFO  - jmeter.util.SSLManager: JmeterKeyStore Location:  type JKS 
2017/05/10 13:00:13 INFO  - jmeter.util.SSLManager: KeyStore created OK 
2017/05/10 13:00:13 WARN  - jmeter.util.SSLManager: Keystore file not found, loading empty keystore 
2017/05/10 13:00:23 INFO  - jmeter.threads.JMeterThread: Thread is done: addFullMerchant 1-1 
2017/05/10 13:00:23 INFO  - jmeter.threads.JMeterThread: Thread finished: addFullMerchant 1-1 
2017/05/10 13:00:23 INFO  - jmeter.engine.StandardJMeterEngine: Notifying test listeners of end of test 
2017/05/10 13:00:23 INFO  - jmeter.services.FileServer: Close: C:\Users\Ben\Documents\NetBeansProjects\GUIFormExamples1/scripts/config.csv 
2017/05/10 13:00:23 INFO  - jmeter.reporters.Summariser: summary =      3 in 00:00:10 =    0.3/s Avg:  3363 Min:   303 Max:  5233 Err:     0 (0.00%) 
